#
# A fatal error has been detected by the Java Runtime Environment:
#
#  SIGFPE (0x8) at pc=0x000000010e6037a8, pid=48537, tid=0x0000000000009b03
#
# JRE version: Java(TM) SE Runtime Environment (8.0_281-b09) (build 1.8.0_281-b09)
# Java VM: Java HotSpot(TM) 64-Bit Server VM (25.281-b09 mixed mode bsd-amd64 compressed oops)
# Problematic frame:
# j  mulityTheads.ThreadDemo.testCatchException(Ljava/lang/Integer;)Ljava/lang/String;+1
#
# Failed to write core dump. Core dumps have been disabled. To enable core dumping, try "ulimit -c unlimited" before starting Java again
#
# If you would like to submit a bug report, please visit:
#   http://bugreport.java.com/bugreport/crash.jsp
#

---------------  T H R E A D  ---------------

Current thread (0x00007fdfb8915800):  JavaThread "ForkJoinPool.commonPool-worker-2" daemon [_thread_in_Java, id=39683, stack(0x0000000305ad4000,0x0000000305bd4000)]

siginfo: si_signo: 8 (SIGFPE), si_code: 5 (FPE_FLTINV), si_addr: 0x000000010e6037a8

Registers:
RAX=0x0000000000000001, RBX=0x000000000000006c, RCX=0x0000000000000000, RDX=0x0000000000000000
RSP=0x0000000305bd3490, RBP=0x0000000305bd34d0, RSI=0x0000000305bd3438, RDI=0x0000000126ef5480
R8 =0x00007fdfb8439bc0, R9 =0x00007fdfb8439bc0, R10=0x000000010cf30c70, R11=0x000000010e740160
R12=0x0000000000000000, R13=0x000000012730527d, R14=0x0000000305bd34e8, R15=0x00007fdfb8915800
RIP=0x000000010e6037a8, EFLAGS=0x0000000000000a83, ERR=0x0000000000000000
  TRAPNO=0x0000000000000000

Top of Stack: (sp=0x0000000305bd3490)
0x0000000305bd3490:   0000000305bd3490 0000000127305279
0x0000000305bd34a0:   0000000305bd34e8 0000000127305580
0x0000000305bd34b0:   0000000000000000 00000001273052c0
0x0000000305bd34c0:   0000000000000000 0000000305bd34e8
0x0000000305bd34d0:   0000000305bd3530 000000010e5e60e0
0x0000000305bd34e0:   0000000000000000 000000076ab31508
0x0000000305bd34f0:   0000000305bd34f0 0000000127318664
0x0000000305bd3500:   0000000305bd3548 0000000127318710
0x0000000305bd3510:   0000000000000000 0000000127318670
0x0000000305bd3520:   0000000305bd34e8 0000000305bd3540
0x0000000305bd3530:   0000000305bd3598 000000010e5e61b4
0x0000000305bd3540:   000000076ab31508 000000076b1c4158
0x0000000305bd3550:   000000076b5555f8 0000000305bd3558
0x0000000305bd3560:   00000001272bfb44 0000000305bd35b0
0x0000000305bd3570:   00000001272bfc18 0000000000000000
0x0000000305bd3580:   00000001272bfb58 0000000305bd3540
0x0000000305bd3590:   0000000305bd35a8 0000000305bd35f8
0x0000000305bd35a0:   000000010e5e63a2 000000076ab31508
0x0000000305bd35b0:   000000076b555610 0000000305bd35b8
0x0000000305bd35c0:   00000001271822c3 0000000305bd3640
0x0000000305bd35d0:   0000000127182608 0000000000000000
0x0000000305bd35e0:   00000001271822f8 0000000305bd35a8
0x0000000305bd35f0:   0000000305bd3638 0000000305bd3688
0x0000000305bd3600:   000000010e5e63a2 000000076ab31508
0x0000000305bd3610:   000000076ae028c8 000000076ae00170
0x0000000305bd3620:   00000000000003e8 00000000000003a9
0x0000000305bd3630:   000000000000038a 000000076b555610
0x0000000305bd3640:   000000076b554ff8 0000000305bd3648
0x0000000305bd3650:   000000012718b568 0000000305bd36a8
0x0000000305bd3660:   000000012718cd58 0000000000000000
0x0000000305bd3670:   000000012718b590 0000000305bd3638
0x0000000305bd3680:   0000000305bd3698 0000000305bd36f0 

Instructions: (pc=0x000000010e6037a8)
0x000000010e603788:   c8 8b 04 24 48 83 c4 08 81 f8 00 00 00 80 0f 85
0x000000010e603798:   0b 00 00 00 33 d2 83 f9 ff 0f 84 03 00 00 00 99
0x000000010e6037a8:   f7 f9 41 0f b6 5d 01 49 ff c5 49 ba 70 0c f3 0c
0x000000010e6037b8:   01 00 00 00 41 ff 24 da 80 00 00 00 00 00 00 00 

Register to memory mapping:

RAX=0x0000000000000001 is an unknown value
RBX=0x000000000000006c is an unknown value
RCX=0x0000000000000000 is an unknown value
RDX=0x0000000000000000 is an unknown value
RSP=0x0000000305bd3490 is pointing into the stack for thread: 0x00007fdfb8915800
RBP=0x0000000305bd34d0 is pointing into the stack for thread: 0x00007fdfb8915800
RSI=0x0000000305bd3438 is pointing into the stack for thread: 0x00007fdfb8915800
RDI={method} {0x0000000126ef5480} '<init>' '()V' in 'java/lang/Object'
R8 =0x00007fdfb8439bc0 is an unknown value
R9 =0x00007fdfb8439bc0 is an unknown value
R10=0x000000010cf30c70: _ZN19TemplateInterpreter13_active_tableE+0x2000 in /Library/Java/JavaVirtualMachines/jdk1.8.0_281.jdk/Contents/Home/jre/lib/server/libjvm.dylib at 0x000000010c800000
R11=0x000000010e740160 is at entry_point+32 in (nmethod*)0x000000010e73ffd0
R12=0x0000000000000000 is an unknown value
R13=0x000000012730527d is pointing into metadata
R14=0x0000000305bd34e8 is pointing into the stack for thread: 0x00007fdfb8915800
R15=0x00007fdfb8915800 is a thread


Stack: [0x0000000305ad4000,0x0000000305bd4000],  sp=0x0000000305bd3490,  free space=1021k
Native frames: (J=compiled Java code, j=interpreted, Vv=VM code, C=native code)
j  mulityTheads.ThreadDemo.testCatchException(Ljava/lang/Integer;)Ljava/lang/String;+1
j  mulityTheads.ThreadDemo$$Lambda$1.apply(Ljava/lang/Object;)Ljava/lang/Object;+4
j  java.util.stream.ReferencePipeline$3$1.accept(Ljava/lang/Object;)V+12
j  java.util.ArrayList$ArrayListSpliterator.forEachRemaining(Ljava/util/function/Consumer;)V+99
j  java.util.stream.AbstractPipeline.copyInto(Ljava/util/stream/Sink;Ljava/util/Spliterator;)V+32
j  java.util.stream.AbstractPipeline.wrapAndCopyInto(Ljava/util/stream/Sink;Ljava/util/Spliterator;)Ljava/util/stream/Sink;+13
j  java.util.stream.ReduceOps$ReduceTask.doLeaf()Ljava/util/stream/ReduceOps$AccumulatingSink;+15
j  java.util.stream.ReduceOps$ReduceTask.doLeaf()Ljava/lang/Object;+1
j  java.util.stream.AbstractTask.compute()V+129
j  java.util.concurrent.CountedCompleter.exec()Z+1
j  java.util.concurrent.ForkJoinTask.doExec$$$capture()I+10
j  java.util.concurrent.ForkJoinTask.doExec()I+5
j  java.util.concurrent.ForkJoinPool$WorkQueue.runTask(Ljava/util/concurrent/ForkJoinTask;)V+21
j  java.util.concurrent.ForkJoinPool.runWorker(Ljava/util/concurrent/ForkJoinPool$WorkQueue;)V+35
j  java.util.concurrent.ForkJoinWorkerThread.run()V+24
v  ~StubRoutines::call_stub
V  [libjvm.dylib+0x2d5599]  JavaCalls::call_helper(JavaValue*, methodHandle*, JavaCallArguments*, Thread*)+0x771
V  [libjvm.dylib+0x2d4264]  JavaCalls::call_virtual(JavaValue*, KlassHandle, Symbol*, Symbol*, JavaCallArguments*, Thread*)+0x14a
V  [libjvm.dylib+0x2d447f]  JavaCalls::call_virtual(JavaValue*, Handle, KlassHandle, Symbol*, Symbol*, Thread*)+0x57
V  [libjvm.dylib+0x342b21]  thread_entry(JavaThread*, Thread*)+0x78
V  [libjvm.dylib+0x5653f2]  JavaThread::thread_main_inner()+0x82
V  [libjvm.dylib+0x5652b7]  JavaThread::run()+0x19d
V  [libjvm.dylib+0x490329]  java_start(Thread*)+0xfa
C  [libsystem_pthread.dylib+0x6950]  _pthread_start+0xe0
C  [libsystem_pthread.dylib+0x247b]  thread_start+0xf
C  0x0000000000000000


---------------  P R O C E S S  ---------------

Java Threads: ( => current thread )
  0x00007fdfbb134800 JavaThread "ForkJoinPool.commonPool-worker-6" daemon [_thread_in_Java, id=37123, stack(0x0000000305fe3000,0x00000003060e3000)]
  0x00007fdfbb134000 JavaThread "ForkJoinPool.commonPool-worker-7" daemon [_thread_in_Java, id=27651, stack(0x0000000305ee0000,0x0000000305fe0000)]
  0x00007fdfbb132000 JavaThread "ForkJoinPool.commonPool-worker-5" daemon [_thread_in_Java, id=38403, stack(0x0000000305ddd000,0x0000000305edd000)]
  0x00007fdfb891a800 JavaThread "ForkJoinPool.commonPool-worker-4" daemon [_thread_in_Java, id=38659, stack(0x0000000305cda000,0x0000000305dda000)]
  0x00007fdfb8919800 JavaThread "ForkJoinPool.commonPool-worker-3" daemon [_thread_in_Java, id=26883, stack(0x0000000305bd7000,0x0000000305cd7000)]
=>0x00007fdfb8915800 JavaThread "ForkJoinPool.commonPool-worker-2" daemon [_thread_in_Java, id=39683, stack(0x0000000305ad4000,0x0000000305bd4000)]
  0x00007fdfb8914800 JavaThread "ForkJoinPool.commonPool-worker-1" daemon [_thread_in_Java, id=40367, stack(0x00000003059d1000,0x0000000305ad1000)]
  0x00007fdfa8809800 JavaThread "Service Thread" daemon [_thread_blocked, id=25095, stack(0x00000003057cb000,0x00000003058cb000)]
  0x00007fdfba05c000 JavaThread "C1 CompilerThread3" daemon [_thread_blocked, id=41219, stack(0x00000003056c8000,0x00000003057c8000)]
  0x00007fdf8880a000 JavaThread "C2 CompilerThread2" daemon [_thread_blocked, id=24067, stack(0x00000003055c5000,0x00000003056c5000)]
  0x00007fdfb8860800 JavaThread "C2 CompilerThread1" daemon [_thread_blocked, id=23555, stack(0x00000003054c2000,0x00000003055c2000)]
  0x00007fdfb885f800 JavaThread "C2 CompilerThread0" daemon [_thread_blocked, id=41807, stack(0x00000003053bf000,0x00000003054bf000)]
  0x00007fdf88809800 JavaThread "JDWP Command Reader" daemon [_thread_in_native, id=22531, stack(0x00000003052bc000,0x00000003053bc000)]
  0x00007fdfb980e000 JavaThread "JDWP Event Helper Thread" daemon [_thread_blocked, id=22275, stack(0x00000003051b9000,0x00000003052b9000)]
  0x00007fdfba022000 JavaThread "JDWP Transport Listener: dt_socket" daemon [_thread_blocked, id=22031, stack(0x00000003050b6000,0x00000003051b6000)]
  0x00007fdfbb04a800 JavaThread "Signal Dispatcher" daemon [_thread_blocked, id=43011, stack(0x0000000304fb3000,0x00000003050b3000)]
  0x00007fdfba009000 JavaThread "Finalizer" daemon [_thread_blocked, id=13855, stack(0x0000000304da0000,0x0000000304ea0000)]
  0x00007fdfb8811800 JavaThread "Reference Handler" daemon [_thread_blocked, id=13347, stack(0x0000000304c9d000,0x0000000304d9d000)]
  0x00007fdfb880f800 JavaThread "main" [_thread_in_Java, id=5635, stack(0x000000030427f000,0x000000030437f000)]

Other Threads:
  0x00007fdfbb047000 VMThread [stack: 0x0000000304b9a000,0x0000000304c9a000] [id=12803]
  0x00007fdfb980c800 WatcherThread [stack: 0x00000003058ce000,0x00000003059ce000] [id=25663]

VM state:not at safepoint (normal execution)

VM Mutex/Monitor currently owned by a thread: None

heap address: 0x00000006c0000000, size: 4096 MB, Compressed Oops mode: Zero based, Oop shift amount: 3
Narrow klass base: 0x0000000000000000, Narrow klass shift: 3
Compressed class space size: 1073741824 Address: 0x00000007c0000000

Heap:
 PSYoungGen      total 76288K, used 18602K [0x000000076ab00000, 0x0000000770000000, 0x00000007c0000000)
  eden space 65536K, 28% used [0x000000076ab00000,0x000000076bd2a9f8,0x000000076eb00000)
  from space 10752K, 0% used [0x000000076f580000,0x000000076f580000,0x0000000770000000)
  to   space 10752K, 0% used [0x000000076eb00000,0x000000076eb00000,0x000000076f580000)
 ParOldGen       total 175104K, used 0K [0x00000006c0000000, 0x00000006cab00000, 0x000000076ab00000)
  object space 175104K, 0% used [0x00000006c0000000,0x00000006c0000000,0x00000006cab00000)
 Metaspace       used 4723K, capacity 5080K, committed 5248K, reserved 1056768K
  class space    used 510K, capacity 576K, committed 640K, reserved 1048576K

Card table byte_map: [0x000000011d99e000,0x000000011e19f000] byte_map_base: 0x000000011a39e000

Marking Bits: (ParMarkBitMap*) 0x000000010cf28488
 Begin Bits: [0x000000011e6f5000, 0x00000001226f5000)
 End Bits:   [0x00000001226f5000, 0x00000001266f5000)

Polling page: 0x00000001083cd000

CodeCache: size=245760Kb used=1771Kb max_used=1771Kb free=243988Kb
 bounds [0x000000010e5de000, 0x000000010e84e000, 0x000000011d5de000]
 total_blobs=583 nmethods=312 adapters=194
 compilation: enabled

Compilation events (10 events):
Event: 0.346 Thread 0x00007fdfba05c000  308       3       org.jetbrains.capture.org.objectweb.asm.ClassWriter::get (49 bytes)
Event: 0.346 Thread 0x00007fdfba05c000 nmethod 308 0x000000010e792910 code [0x000000010e792aa0, 0x000000010e792e48]
Event: 0.346 Thread 0x00007fdfba05c000  309       3       org.jetbrains.capture.org.objectweb.asm.ByteVector::putShort (52 bytes)
Event: 0.346 Thread 0x00007fdfba05c000 nmethod 309 0x000000010e787dd0 code [0x000000010e787f40, 0x000000010e7881a8]
Event: 0.348 Thread 0x00007fdfba05c000  310       1       java.lang.reflect.Field::getName (5 bytes)
Event: 0.348 Thread 0x00007fdfba05c000 nmethod 310 0x000000010e787910 code [0x000000010e787a60, 0x000000010e787b70]
Event: 0.348 Thread 0x00007fdfba05c000  311   !   3       com.intellij.rt.debugger.agent.CaptureAgent$CaptureTransformer::transform (194 bytes)
Event: 0.350 Thread 0x00007fdfba05c000 nmethod 311 0x000000010e794310 code [0x000000010e794780, 0x000000010e796da8]
Event: 0.352 Thread 0x00007fdfba05c000  312       3       java.lang.ref.WeakReference::<init> (7 bytes)
Event: 0.352 Thread 0x00007fdfba05c000 nmethod 312 0x000000010e798d90 code [0x000000010e798f00, 0x000000010e7991b0]

GC Heap History (0 events):
No events

Deoptimization events (0 events):
No events

Classes redefined (0 events):
No events

Internal exceptions (4 events):
Event: 0.045 Thread 0x00007fdfb880f800 Exception <a 'java/lang/NoSuchMethodError': Method sun.misc.Unsafe.defineClass(Ljava/lang/String;[BII)Ljava/lang/Class; name or signature does not match> (0x000000076ab07cc0) thrown at [/jenkins/workspace/8-2-build-macosx-x86_64/jdk8u281/880/hotspot/src/s
Event: 0.045 Thread 0x00007fdfb880f800 Exception <a 'java/lang/NoSuchMethodError': Method sun.misc.Unsafe.prefetchRead(Ljava/lang/Object;J)V name or signature does not match> (0x000000076ab07fa8) thrown at [/jenkins/workspace/8-2-build-macosx-x86_64/jdk8u281/880/hotspot/src/share/vm/prims/jni.
Event: 0.227 Thread 0x00007fdfb880f800 Exception <a 'java/lang/NoSuchFieldError': method resolution failed> (0x000000076afb2880) thrown at [/jenkins/workspace/8-2-build-macosx-x86_64/jdk8u281/880/hotspot/src/share/vm/prims/methodHandles.cpp, line 1169]
Event: 0.240 Thread 0x00007fdfb880f800 Exception <a 'java/lang/NoSuchFieldError': method resolution failed> (0x000000076afc11d0) thrown at [/jenkins/workspace/8-2-build-macosx-x86_64/jdk8u281/880/hotspot/src/share/vm/prims/methodHandles.cpp, line 1169]

Events (10 events):
Event: 0.353 loading class java/util/stream/ReduceOps$AccumulatingSink done
Event: 0.353 loading class java/util/stream/ReduceOps$Box
Event: 0.353 loading class java/util/stream/ReduceOps$Box done
Event: 0.353 loading class java/util/stream/ReduceOps$3ReducingSink done
Event: 0.353 loading class java/util/stream/ReferencePipeline$2$1
Event: 0.353 loading class java/util/stream/Sink$ChainedReference
Event: 0.353 loading class java/util/stream/Sink$ChainedReference done
Event: 0.353 loading class java/util/stream/ReferencePipeline$2$1 done
Event: 0.353 loading class java/util/stream/ReferencePipeline$3$1
Event: 0.353 loading class java/util/stream/ReferencePipeline$3$1 done


Dynamic libraries:
0x00007ffdffd40000 	/Library/Apple/usr/libexec/oah/runtime
0x00007fff35260000 	/System/Library/Frameworks/Cocoa.framework/Versions/A/Cocoa
0x00007fff22108000 	/System/Library/Frameworks/Security.framework/Versions/A/Security
0x00007fff3345d000 	/System/Library/Frameworks/ApplicationServices.framework/Versions/A/ApplicationServices
0x00007fff2a5ae000 	/usr/lib/libz.1.dylib
0x00007fff2a67a000 	/usr/lib/libSystem.B.dylib
0x00007fff20399000 	/System/Library/Frameworks/CoreFoundation.framework/Versions/A/CoreFoundation
0x00007fff2107b000 	/System/Library/Frameworks/Foundation.framework/Versions/C/Foundation
0x00007fff201b8000 	/usr/lib/libobjc.A.dylib
0x00007fff22b2f000 	/System/Library/Frameworks/AppKit.framework/Versions/C/AppKit
0x00007fff259ed000 	/System/Library/Frameworks/CoreData.framework/Versions/A/CoreData
0x00007fff23892000 	/System/Library/PrivateFrameworks/UIFoundation.framework/Versions/A/UIFoundation
0x00007fff2fe3c000 	/System/Library/PrivateFrameworks/RemoteViewServices.framework/Versions/A/RemoteViewServices
0x00007fff28bc9000 	/System/Library/PrivateFrameworks/XCTTargetBootstrap.framework/Versions/A/XCTTargetBootstrap
0x00007fff2b918000 	/usr/lib/libspindump.dylib
0x00007fff23ae7000 	/System/Library/Frameworks/UniformTypeIdentifiers.framework/Versions/A/UniformTypeIdentifiers
0x00007fff2739f000 	/usr/lib/libapp_launch_measurement.dylib
0x00007fff273a2000 	/System/Library/PrivateFrameworks/CoreAutoLayout.framework/Versions/A/CoreAutoLayout
0x00007fff2852b000 	/System/Library/Frameworks/Metal.framework/Versions/A/Metal
0x00007fff2921f000 	/usr/lib/liblangid.dylib
0x00007fff28bcd000 	/System/Library/PrivateFrameworks/CoreSVG.framework/Versions/A/CoreSVG
0x00007fff24ace000 	/System/Library/PrivateFrameworks/SkyLight.framework/Versions/A/SkyLight
0x00007fff24e35000 	/System/Library/Frameworks/CoreGraphics.framework/Versions/A/CoreGraphics
0x00007fff30493000 	/System/Library/Frameworks/Accelerate.framework/Versions/A/Accelerate
0x00007fff2b353000 	/System/Library/PrivateFrameworks/IconServices.framework/Versions/A/IconServices
0x00007fff28510000 	/System/Library/Frameworks/IOSurface.framework/Versions/A/IOSurface
0x00007fff2637f000 	/usr/lib/libDiagnosticMessagesClient.dylib
0x00007fff28bb5000 	/System/Library/PrivateFrameworks/DFRFoundation.framework/Versions/A/DFRFoundation
0x00007fff2245a000 	/usr/lib/libicucore.A.dylib
0x00007fff2ce5d000 	/System/Library/Frameworks/AudioToolbox.framework/Versions/A/AudioToolbox
0x00007fff2c102000 	/System/Library/PrivateFrameworks/DataDetectorsCore.framework/Versions/A/DataDetectorsCore
0x00007fff288b5000 	/System/Library/Frameworks/Carbon.framework/Versions/A/Frameworks/HIToolbox.framework/Versions/A/HIToolbox
0x00007fff26dfa000 	/System/Library/Frameworks/QuartzCore.framework/Versions/A/QuartzCore
0x00007fff2fe78000 	/System/Library/Frameworks/Carbon.framework/Versions/A/Frameworks/SpeechRecognition.framework/Versions/A/SpeechRecognition
0x00007fff27107000 	/System/Library/PrivateFrameworks/CoreUI.framework/Versions/A/CoreUI
0x00007fff21a63000 	/System/Library/Frameworks/CoreAudio.framework/Versions/A/CoreAudio
0x00007fff2646a000 	/System/Library/Frameworks/DiskArbitration.framework/Versions/A/DiskArbitration
0x00007fff2bd12000 	/System/Library/PrivateFrameworks/MultitouchSupport.framework/Versions/A/MultitouchSupport
0x00007fff2c0f9000 	/System/Library/PrivateFrameworks/InternationalSupport.framework/Versions/A/InternationalSupport
0x00007fff24a42000 	/usr/lib/libenergytrace.dylib
0x00007fff22a28000 	/System/Library/Frameworks/IOKit.framework/Versions/A/IOKit
0x00007fff301c5000 	/System/Library/Frameworks/CoreServices.framework/Versions/A/CoreServices
0x00007fff27335000 	/System/Library/PrivateFrameworks/PerformanceAnalysis.framework/Versions/A/PerformanceAnalysis
0x00007fff6cb3b000 	/System/Library/Frameworks/OpenGL.framework/Versions/A/OpenGL
0x00007fff2c17e000 	/System/Library/PrivateFrameworks/UserActivity.framework/Versions/A/UserActivity
0x00007fff254ef000 	/System/Library/Frameworks/ColorSync.framework/Versions/A/ColorSync
0x00007fff28e36000 	/System/Library/Frameworks/CoreImage.framework/Versions/A/CoreImage
0x00007fff2187a000 	/System/Library/Frameworks/CoreText.framework/Versions/A/CoreText
0x00007fff28bf7000 	/System/Library/Frameworks/ImageIO.framework/Versions/A/ImageIO
0x00007fff2a680000 	/System/Library/PrivateFrameworks/SoftLinking.framework/Versions/A/SoftLinking
0x00007fff273eb000 	/usr/lib/libxml2.2.dylib
0x00007fff2027e000 	/usr/lib/libc++.1.dylib
0x00007fff2a8f2000 	/usr/lib/libcompression.dylib
0x00007fff24a43000 	/usr/lib/libMobileGestalt.dylib
0x00007fff2c02c000 	/System/Library/PrivateFrameworks/TextureIO.framework/Versions/A/TextureIO
0x00007fff2afe0000 	/usr/lib/libate.dylib
0x00007fff2a674000 	/usr/lib/system/libcache.dylib
0x00007fff2a630000 	/usr/lib/system/libcommonCrypto.dylib
0x00007fff2a65a000 	/usr/lib/system/libcompiler_rt.dylib
0x00007fff2a64f000 	/usr/lib/system/libcopyfile.dylib
0x00007fff200a6000 	/usr/lib/system/libcorecrypto.dylib
0x00007fff20173000 	/usr/lib/system/libdispatch.dylib
0x00007fff20328000 	/usr/lib/system/libdyld.dylib
0x00007fff2a66b000 	/usr/lib/system/libkeymgr.dylib
0x00007fff2dc0f000 	/usr/lib/system/liblaunch.dylib
0x00007fff2a60e000 	/usr/lib/system/libmacho.dylib
0x00007fff29e23000 	/usr/lib/system/libquarantine.dylib
0x00007fff2a668000 	/usr/lib/system/libremovefile.dylib
0x00007fff24a9f000 	/usr/lib/system/libsystem_asl.dylib
0x00007fff20056000 	/usr/lib/system/libsystem_blocks.dylib
0x00007fff201f5000 	/usr/lib/system/libsystem_c.dylib
0x00007fff2a662000 	/usr/lib/system/libsystem_collections.dylib
0x00007fff29210000 	/usr/lib/system/libsystem_configuration.dylib
0x00007fff284ff000 	/usr/lib/system/libsystem_containermanager.dylib
0x00007fff2a3a6000 	/usr/lib/system/libsystem_coreservices.dylib
0x00007fff226bc000 	/usr/lib/system/libsystem_darwin.dylib
0x00007fff2a66c000 	/usr/lib/system/libsystem_dnssd.dylib
0x00007fff201f2000 	/usr/lib/system/libsystem_featureflags.dylib
0x00007fff2036d000 	/usr/lib/system/libsystem_info.dylib
0x00007fff2a5c1000 	/usr/lib/system/libsystem_m.dylib
0x00007fff20146000 	/usr/lib/system/libsystem_malloc.dylib
0x00007fff24a33000 	/usr/lib/system/libsystem_networkextension.dylib
0x00007fff22ad7000 	/usr/lib/system/libsystem_notify.dylib
0x00007fff300c3000 	/usr/lib/system/libsystem_product_info_filter.dylib
0x00007fff29214000 	/usr/lib/system/libsystem_sandbox.dylib
0x00007fff2a665000 	/usr/lib/system/libsystem_secinit.dylib
0x00007fff202ed000 	/usr/lib/system/libsystem_kernel.dylib
0x00007fff20363000 	/usr/lib/system/libsystem_platform.dylib
0x00007fff2031c000 	/usr/lib/system/libsystem_pthread.dylib
0x00007fff261cd000 	/usr/lib/system/libsystem_symptoms.dylib
0x00007fff2008e000 	/usr/lib/system/libsystem_trace.dylib
0x00007fff2a63c000 	/usr/lib/system/libunwind.dylib
0x00007fff20058000 	/usr/lib/system/libxpc.dylib
0x00007fff202d4000 	/usr/lib/libc++abi.dylib
0x00007fff2a647000 	/usr/lib/liboah.dylib
0x00007fff2ad0b000 	/usr/lib/liblzma.5.dylib
0x00007fff20d8f000 	/System/Library/Frameworks/SystemConfiguration.framework/Versions/A/SystemConfiguration
0x00007fff2a67c000 	/usr/lib/libfakelink.dylib
0x00007fff24595000 	/System/Library/Frameworks/CFNetwork.framework/Versions/A/CFNetwork
0x00007fff2a7bc000 	/usr/lib/libarchive.2.dylib
0x00007fff20e0d000 	/usr/lib/libCRFSuite.dylib
0x00007fff29e4a000 	/usr/lib/libbsm.0.dylib
0x00007fff23f51000 	/usr/lib/libnetwork.dylib
0x00007fff2a681000 	/usr/lib/libpcap.A.dylib
0x00007fff261c6000 	/usr/lib/libdns_services.dylib
0x00007fff2ad24000 	/usr/lib/libcoretls_cfhelpers.dylib
0x00007fff2a8c0000 	/usr/lib/libapple_nghttp2.dylib
0x00007fff2a614000 	/usr/lib/system/libkxld.dylib
0x00007fff25e34000 	/usr/lib/libsqlite3.dylib
0x00007fff2a388000 	/System/Library/PrivateFrameworks/AppleFSCompression.framework/Versions/A/AppleFSCompression
0x00007fff29e32000 	/usr/lib/libcoretls.dylib
0x00007fff2a8ed000 	/usr/lib/libpam.2.dylib
0x00007fff2ae21000 	/usr/lib/libxar.1.dylib
0x00007fff2921b000 	/System/Library/PrivateFrameworks/AppleSystemInfo.framework/Versions/A/AppleSystemInfo
0x00007fff29a75000 	/System/Library/PrivateFrameworks/IOMobileFramebuffer.framework/Versions/A/IOMobileFramebuffer
0x00007fff2a398000 	/usr/lib/libbz2.1.0.dylib
0x00007fff2a6b9000 	/usr/lib/libiconv.2.dylib
0x00007fff2a60d000 	/usr/lib/libcharset.1.dylib
0x00007fff27371000 	/System/Library/Frameworks/CoreServices.framework/Versions/A/Frameworks/FSEvents.framework/Versions/A/FSEvents
0x00007fff226c6000 	/System/Library/Frameworks/CoreServices.framework/Versions/A/Frameworks/CarbonCore.framework/Versions/A/CarbonCore
0x00007fff263cf000 	/System/Library/Frameworks/CoreServices.framework/Versions/A/Frameworks/Metadata.framework/Versions/A/Metadata
0x00007fff2a3ab000 	/System/Library/Frameworks/CoreServices.framework/Versions/A/Frameworks/OSServices.framework/Versions/A/OSServices
0x00007fff2a82e000 	/System/Library/Frameworks/CoreServices.framework/Versions/A/Frameworks/SearchKit.framework/Versions/A/SearchKit
0x00007fff26150000 	/System/Library/Frameworks/CoreServices.framework/Versions/A/Frameworks/AE.framework/Versions/A/AE
0x00007fff20835000 	/System/Library/Frameworks/CoreServices.framework/Versions/A/Frameworks/LaunchServices.framework/Versions/A/LaunchServices
0x00007fff2acbc000 	/System/Library/Frameworks/CoreServices.framework/Versions/A/Frameworks/DictionaryServices.framework/Versions/A/DictionaryServices
0x00007fff2737a000 	/System/Library/Frameworks/CoreServices.framework/Versions/A/Frameworks/SharedFileList.framework/Versions/A/SharedFileList
0x00007fff29e26000 	/usr/lib/libCheckFix.dylib
0x00007fff24ab6000 	/System/Library/PrivateFrameworks/TCC.framework/Versions/A/TCC
0x00007fff29221000 	/System/Library/PrivateFrameworks/CoreNLP.framework/Versions/A/CoreNLP
0x00007fff26382000 	/System/Library/PrivateFrameworks/MetadataUtilities.framework/Versions/A/MetadataUtilities
0x00007fff20e43000 	/usr/lib/libmecabra.dylib
0x00007fff2a13a000 	/System/Library/Frameworks/MLCompute.framework/Versions/A/MLCompute
0x00007fff29e5b000 	/usr/lib/libmecab.dylib
0x00007fff29ea5000 	/usr/lib/libgermantok.dylib
0x00007fff2a896000 	/usr/lib/libThaiTokenizer.dylib
0x00007fff2ae5c000 	/usr/lib/libChineseTokenizer.dylib
0x00007fff2a8eb000 	/System/Library/Frameworks/MetalPerformanceShaders.framework/Versions/A/MetalPerformanceShaders
0x00007fff26471000 	/System/Library/Frameworks/Accelerate.framework/Versions/A/Frameworks/vImage.framework/Versions/A/vImage
0x00007fff3019e000 	/System/Library/Frameworks/Accelerate.framework/Versions/A/Frameworks/vecLib.framework/Versions/A/vecLib
0x00007fff2ae67000 	/System/Library/Frameworks/Accelerate.framework/Versions/A/Frameworks/vecLib.framework/Versions/A/libvMisc.dylib
0x00007fff298d1000 	/System/Library/Frameworks/Accelerate.framework/Versions/A/Frameworks/vecLib.framework/Versions/A/libvDSP.dylib
0x00007fff20b39000 	/System/Library/Frameworks/Accelerate.framework/Versions/A/Frameworks/vecLib.framework/Versions/A/libBLAS.dylib
0x00007fff2a911000 	/System/Library/Frameworks/Accelerate.framework/Versions/A/Frameworks/vecLib.framework/Versions/A/libLAPACK.dylib
0x00007fff29eab000 	/System/Library/Frameworks/Accelerate.framework/Versions/A/Frameworks/vecLib.framework/Versions/A/libLinearAlgebra.dylib
0x00007fff2a8d8000 	/System/Library/Frameworks/Accelerate.framework/Versions/A/Frameworks/vecLib.framework/Versions/A/libSparseBLAS.dylib
0x00007fff2a90b000 	/System/Library/Frameworks/Accelerate.framework/Versions/A/Frameworks/vecLib.framework/Versions/A/libQuadrature.dylib
0x00007fff292c9000 	/System/Library/Frameworks/Accelerate.framework/Versions/A/Frameworks/vecLib.framework/Versions/A/libBNNS.dylib
0x00007fff20d20000 	/System/Library/Frameworks/Accelerate.framework/Versions/A/Frameworks/vecLib.framework/Versions/A/libSparse.dylib
0x00007fff291b4000 	/System/Library/Frameworks/MetalPerformanceShaders.framework/Versions/A/Frameworks/MPSCore.framework/Versions/A/MPSCore
0x00007fff2a2f7000 	/System/Library/Frameworks/MetalPerformanceShaders.framework/Versions/A/Frameworks/MPSImage.framework/Versions/A/MPSImage
0x00007fff29ec2000 	/System/Library/Frameworks/MetalPerformanceShaders.framework/Versions/A/Frameworks/MPSNeuralNetwork.framework/Versions/A/MPSNeuralNetwork
0x00007fff2a282000 	/System/Library/Frameworks/MetalPerformanceShaders.framework/Versions/A/Frameworks/MPSMatrix.framework/Versions/A/MPSMatrix
0x00007fff2a0ea000 	/System/Library/Frameworks/MetalPerformanceShaders.framework/Versions/A/Frameworks/MPSRayIntersector.framework/Versions/A/MPSRayIntersector
0x00007fff2a2b9000 	/System/Library/Frameworks/MetalPerformanceShaders.framework/Versions/A/Frameworks/MPSNDArray.framework/Versions/A/MPSNDArray
0x00007fff20a65000 	/System/Library/PrivateFrameworks/MetalTools.framework/Versions/A/MetalTools
0x00007fff29219000 	/System/Library/PrivateFrameworks/AggregateDictionary.framework/Versions/A/AggregateDictionary
0x00007fff2635a000 	/System/Library/PrivateFrameworks/CoreAnalytics.framework/Versions/A/CoreAnalytics
0x00007fff2a898000 	/System/Library/PrivateFrameworks/AppleSauce.framework/Versions/A/AppleSauce
0x00007fff28522000 	/System/Library/PrivateFrameworks/IOAccelerator.framework/Versions/A/IOAccelerator
0x00007fff6cb2f000 	/System/Library/Frameworks/OpenGL.framework/Versions/A/Libraries/libCoreFSCache.dylib
0x00007fff213df000 	/System/Library/PrivateFrameworks/LanguageModeling.framework/Versions/A/LanguageModeling
0x00007fff29a62000 	/System/Library/PrivateFrameworks/CoreEmoji.framework/Versions/A/CoreEmoji
0x00007fff292c2000 	/System/Library/PrivateFrameworks/LinguisticData.framework/Versions/A/LinguisticData
0x00007fff20cd2000 	/System/Library/PrivateFrameworks/Lexicon.framework/Versions/A/Lexicon
0x00007fff2a7aa000 	/usr/lib/libcmph.dylib
0x00007fff27351000 	/System/Library/Frameworks/OpenDirectory.framework/Versions/A/Frameworks/CFOpenDirectory.framework/Versions/A/CFOpenDirectory
0x00007fff27341000 	/System/Library/Frameworks/OpenDirectory.framework/Versions/A/OpenDirectory
0x00007fff2ad26000 	/System/Library/PrivateFrameworks/APFS.framework/Versions/A/APFS
0x00007fff29d87000 	/System/Library/Frameworks/SecurityFoundation.framework/Versions/A/SecurityFoundation
0x00007fff2ae2f000 	/usr/lib/libutil.dylib
0x00007fff229ed000 	/System/Library/PrivateFrameworks/CoreServicesStore.framework/Versions/A/CoreServicesStore
0x00007fff29e1e000 	/System/Library/Frameworks/ServiceManagement.framework/Versions/A/ServiceManagement
0x00007fff2ae33000 	/usr/lib/libxslt.1.dylib
0x00007fff29e14000 	/System/Library/PrivateFrameworks/BackgroundTaskManagement.framework/Versions/A/BackgroundTaskManagement
0x00007fff2bf77000 	/System/Library/Frameworks/ImageIO.framework/Versions/A/Resources/libRadiance.dylib
0x00007fff2bf80000 	/System/Library/Frameworks/ImageIO.framework/Versions/A/Resources/libJPEG.dylib
0x00007fff2becc000 	/System/Library/Frameworks/ImageIO.framework/Versions/A/Resources/libPng.dylib
0x00007fff2bef3000 	/System/Library/Frameworks/ImageIO.framework/Versions/A/Resources/libTIFF.dylib
0x00007fff2bfd5000 	/System/Library/Frameworks/ImageIO.framework/Versions/A/Resources/libGIF.dylib
0x00007fff2bc30000 	/System/Library/Frameworks/ImageIO.framework/Versions/A/Resources/libJP2.dylib
0x00007fff2b31a000 	/usr/lib/libexpat.1.dylib
0x00007fff2bbe5000 	/System/Library/PrivateFrameworks/AppleJPEG.framework/Versions/A/AppleJPEG
0x00007fff28758000 	/System/Library/PrivateFrameworks/FontServices.framework/libFontParser.dylib
0x00007fff26104000 	/System/Library/PrivateFrameworks/RunningBoardServices.framework/Versions/A/RunningBoardServices
0x00007fff2bd0e000 	/System/Library/PrivateFrameworks/WatchdogClient.framework/Versions/A/WatchdogClient
0x00007fff214cc000 	/System/Library/Frameworks/CoreDisplay.framework/Versions/A/CoreDisplay
0x00007fff2866e000 	/System/Library/Frameworks/CoreMedia.framework/Versions/A/CoreMedia
0x00007fff274ce000 	/System/Library/Frameworks/CoreVideo.framework/Versions/A/CoreVideo
0x00007fff2bd46000 	/System/Library/Frameworks/VideoToolbox.framework/Versions/A/VideoToolbox
0x00007fff26082000 	/System/Library/PrivateFrameworks/BaseBoard.framework/Versions/A/BaseBoard
0x00007fff2b45f000 	/System/Library/PrivateFrameworks/PersistentConnection.framework/Versions/A/PersistentConnection
0x00007fff25e1d000 	/System/Library/PrivateFrameworks/ProtocolBuffer.framework/Versions/A/ProtocolBuffer
0x00007fff26069000 	/System/Library/PrivateFrameworks/CommonUtilities.framework/Versions/A/CommonUtilities
0x00007fff2bb7a000 	/System/Library/PrivateFrameworks/Bom.framework/Versions/A/Bom
0x00007fff2bf70000 	/System/Library/PrivateFrameworks/GPUWrangler.framework/Versions/A/GPUWrangler
0x00007fff2bf53000 	/System/Library/PrivateFrameworks/IOPresentment.framework/Versions/A/IOPresentment
0x00007fff2bf7a000 	/System/Library/PrivateFrameworks/DSExternalDisplay.framework/Versions/A/DSExternalDisplay
0x00007fff2bfda000 	/System/Library/PrivateFrameworks/CMCaptureCore.framework/Versions/A/CMCaptureCore
0x00007fff2b8ff000 	/System/Library/PrivateFrameworks/AppServerSupport.framework/Versions/A/AppServerSupport
0x00007fff2d9ae000 	/System/Library/PrivateFrameworks/perfdata.framework/Versions/A/perfdata
0x00007fff29d76000 	/System/Library/PrivateFrameworks/AssertionServices.framework/Versions/A/AssertionServices
0x00007fff21603000 	/System/Library/PrivateFrameworks/AudioToolboxCore.framework/Versions/A/AudioToolboxCore
0x00007fff28651000 	/System/Library/PrivateFrameworks/caulk.framework/Versions/A/caulk
0x00007fff3d659000 	/System/Library/PrivateFrameworks/SystemPolicy.framework/Versions/A/SystemPolicy
0x00007fff2b10f000 	/usr/lib/libIOReport.dylib
0x00007fff2d1d0000 	/usr/lib/libSMC.dylib
0x00007fff2be99000 	/usr/lib/libAudioToolboxUtility.dylib
0x00007fff3dfc3000 	/usr/lib/libmis.dylib
0x00007fff6cb8b000 	/System/Library/Frameworks/OpenGL.framework/Versions/A/Libraries/libGLU.dylib
0x00007fff6cb4e000 	/System/Library/Frameworks/OpenGL.framework/Versions/A/Libraries/libGFXShared.dylib
0x00007fff6cd5d000 	/System/Library/Frameworks/OpenGL.framework/Versions/A/Libraries/libGL.dylib
0x00007fff6cb57000 	/System/Library/Frameworks/OpenGL.framework/Versions/A/Libraries/libGLImage.dylib
0x00007fff6cb4b000 	/System/Library/Frameworks/OpenGL.framework/Versions/A/Libraries/libCVMSPluginSupport.dylib
0x00007fff6cb36000 	/System/Library/Frameworks/OpenGL.framework/Versions/A/Libraries/libCoreVMClient.dylib
0x00007fff6e19e000 	/System/Library/Frameworks/OpenCL.framework/Versions/A/OpenCL
0x00007fff2b489000 	/System/Library/PrivateFrameworks/GraphVisualizer.framework/Versions/A/GraphVisualizer
0x00007fff2b498000 	/System/Library/PrivateFrameworks/FaceCore.framework/Versions/A/FaceCore
0x00007fff2b8b4000 	/System/Library/PrivateFrameworks/OTSVG.framework/Versions/A/OTSVG
0x00007fff270c5000 	/System/Library/Frameworks/ApplicationServices.framework/Versions/A/Frameworks/ATS.framework/Versions/A/Resources/libFontRegistry.dylib
0x00007fff2b906000 	/System/Library/PrivateFrameworks/FontServices.framework/libhvf.dylib
0x00007fff2b2c6000 	/System/Library/PrivateFrameworks/AppleVA.framework/Versions/A/AppleVA
0x00007fff2d019000 	/System/Library/Frameworks/ApplicationServices.framework/Versions/A/Frameworks/ATS.framework/Versions/A/ATS
0x00007fff2d32b000 	/System/Library/Frameworks/ApplicationServices.framework/Versions/A/Frameworks/ColorSyncLegacy.framework/Versions/A/ColorSyncLegacy
0x00007fff255e6000 	/System/Library/Frameworks/ApplicationServices.framework/Versions/A/Frameworks/HIServices.framework/Versions/A/HIServices
0x00007fff2d310000 	/System/Library/Frameworks/ApplicationServices.framework/Versions/A/Frameworks/LangAnalysis.framework/Versions/A/LangAnalysis
0x00007fff2bfe4000 	/System/Library/Frameworks/ApplicationServices.framework/Versions/A/Frameworks/PrintCore.framework/Versions/A/PrintCore
0x00007fff2d333000 	/System/Library/Frameworks/ApplicationServices.framework/Versions/A/Frameworks/QD.framework/Versions/A/QD
0x00007fff2d009000 	/System/Library/Frameworks/ApplicationServices.framework/Versions/A/Frameworks/SpeechSynthesis.framework/Versions/A/SpeechSynthesis
0x00007fff2bfa5000 	/System/Library/Frameworks/ApplicationServices.framework/Versions/A/Frameworks/ATSUI.framework/Versions/A/ATSUI
0x00007fff2d2b0000 	/usr/lib/libcups.2.dylib
0x00007fff2d320000 	/System/Library/PrivateFrameworks/NetAuth.framework/Versions/A/NetAuth
0x00007fff2d9ca000 	/System/Library/Frameworks/Kerberos.framework/Versions/A/Kerberos
0x00007fff2d9da000 	/System/Library/Frameworks/GSS.framework/Versions/A/GSS
0x00007fff2d085000 	/usr/lib/libresolv.9.dylib
0x00007fff2b91b000 	/System/Library/PrivateFrameworks/Heimdal.framework/Versions/A/Heimdal
0x00007fff3375e000 	/System/Library/Frameworks/Kerberos.framework/Versions/A/Libraries/libHeimdalProxy.dylib
0x00007fff261d5000 	/System/Library/Frameworks/Network.framework/Versions/A/Network
0x00007fff2b334000 	/usr/lib/libheimdal-asn1.dylib
0x00007fff2da2a000 	/System/Library/PrivateFrameworks/CommonAuth.framework/Versions/A/CommonAuth
0x00007fff2751b000 	/System/Library/PrivateFrameworks/login.framework/Versions/A/Frameworks/loginsupport.framework/Versions/A/loginsupport
0x00007fff2cf8e000 	/System/Library/PrivateFrameworks/AudioSession.framework/Versions/A/AudioSession
0x00007fff2cff6000 	/usr/lib/libAudioStatistics.dylib
0x00007fff2b3c1000 	/System/Library/PrivateFrameworks/MediaExperience.framework/Versions/A/MediaExperience
0x00007fff2ce2b000 	/System/Library/PrivateFrameworks/AudioSession.framework/libSessionUtility.dylib
0x00007fff2d9bb000 	/usr/lib/libperfcheck.dylib
0x00007fff2d33f000 	/System/Library/PrivateFrameworks/AudioResourceArbitration.framework/Versions/A/AudioResourceArbitration
0x00007fff2b33e000 	/System/Library/PrivateFrameworks/IconFoundation.framework/Versions/A/IconFoundation
0x00007fff2fe68000 	/System/Library/PrivateFrameworks/SpeechRecognitionCore.framework/Versions/A/SpeechRecognitionCore
0x00007fff5df89000 	/System/Library/CoreServices/Encodings/libSimplifiedChineseConverter.dylib
0x000000010c800000 	/Library/Java/JavaVirtualMachines/jdk1.8.0_281.jdk/Contents/Home/jre/lib/server/libjvm.dylib
0x000000010832f000 	/Library/Java/JavaVirtualMachines/jdk1.8.0_281.jdk/Contents/Home/jre/lib/libverify.dylib
0x0000000108355000 	/Library/Java/JavaVirtualMachines/jdk1.8.0_281.jdk/Contents/Home/jre/lib/libjava.dylib
0x00000001083ce000 	/Library/Java/JavaVirtualMachines/jdk1.8.0_281.jdk/Contents/Home/jre/lib/libjdwp.dylib
0x000000010847c000 	/Library/Java/JavaVirtualMachines/jdk1.8.0_281.jdk/Contents/Home/jre/lib/libnpt.dylib
0x000000010848e000 	/Library/Java/JavaVirtualMachines/jdk1.8.0_281.jdk/Contents/Home/jre/lib/libinstrument.dylib
0x0000000108532000 	/Library/Java/JavaVirtualMachines/jdk1.8.0_281.jdk/Contents/Home/jre/lib/libzip.dylib
0x000000012936f000 	/Library/Java/JavaVirtualMachines/jdk1.8.0_281.jdk/Contents/Home/jre/lib/libdt_socket.dylib

VM Arguments:
jvm_args: -agentlib:jdwp=transport=dt_socket,address=127.0.0.1:64666,suspend=y,server=n -javaagent:/Users/qinwenlong/Library/Caches/JetBrains/IntelliJIdea2020.3/captureAgent/debugger-agent.jar -Dfile.encoding=UTF-8 
java_command: mulityTheads.ThreadDemo
java_class_path (initial): /Library/Java/JavaVirtualMachines/jdk1.8.0_281.jdk/Contents/Home/jre/lib/charsets.jar:/Library/Java/JavaVirtualMachines/jdk1.8.0_281.jdk/Contents/Home/jre/lib/deploy.jar:/Library/Java/JavaVirtualMachines/jdk1.8.0_281.jdk/Contents/Home/jre/lib/ext/cldrdata.jar:/Library/Java/JavaVirtualMachines/jdk1.8.0_281.jdk/Contents/Home/jre/lib/ext/dnsns.jar:/Library/Java/JavaVirtualMachines/jdk1.8.0_281.jdk/Contents/Home/jre/lib/ext/jaccess.jar:/Library/Java/JavaVirtualMachines/jdk1.8.0_281.jdk/Contents/Home/jre/lib/ext/jfxrt.jar:/Library/Java/JavaVirtualMachines/jdk1.8.0_281.jdk/Contents/Home/jre/lib/ext/localedata.jar:/Library/Java/JavaVirtualMachines/jdk1.8.0_281.jdk/Contents/Home/jre/lib/ext/nashorn.jar:/Library/Java/JavaVirtualMachines/jdk1.8.0_281.jdk/Contents/Home/jre/lib/ext/sunec.jar:/Library/Java/JavaVirtualMachines/jdk1.8.0_281.jdk/Contents/Home/jre/lib/ext/sunjce_provider.jar:/Library/Java/JavaVirtualMachines/jdk1.8.0_281.jdk/Contents/Home/jre/lib/ext/sunpkcs11.jar:/Library/Java/JavaVirtualMachines/jdk1.8.0_281.jdk/Contents/Home/jre/lib/ext/zipfs.jar:/Library/Java/JavaVirtualMachines/jdk1.8.0_281.jdk/Contents/Home/jre/lib/javaws.jar:/Library/Java/JavaVirtualMachines/jdk1.8.0_281.jdk/Contents/Home/jre/lib/jce.jar:/Library/Java/JavaVirtualMachines/jdk1.8.0_281.jdk/Contents/Home/jre/lib/jfr.jar:/Library/Java/JavaVirtualMachines/jdk1.8.0_281.jdk/Contents/Home/jre/lib/jfxswt.jar:/Library/Java/JavaVirtualMachines/jdk1.8.0_281.jdk/Contents/Home/jre/lib/jsse.jar:/Library/Java/JavaVirtualMachines/jdk1.8.0_281.jdk/Contents/Home/jre/lib/management-agent.jar:/Library/Java/JavaVirtualMachines/jdk1.8.0_281.jdk/Contents/Home/jre/lib/plugin.jar:/Library/Java/JavaVirtualMachines/jdk1.8.0_281.jdk/Contents/Home/jre/lib/resources.jar:/Library/Java/JavaVirtualMachines/jdk1.8.0_281.jdk/Contents/Home/jre/lib/rt.jar:/Library/Java/JavaVirtualMachines/jdk1.8.0_281.jdk/Contents/Home/lib/ant-javafx.jar:/Library/Java/JavaVirtualMachines/jdk1.8.0_281.jdk/Contents/Home
Launcher Type: SUN_STANDARD

Environment Variables:
PATH=/usr/local/bin:/usr/bin:/bin:/usr/sbin:/sbin
SHELL=/bin/zsh

Signal Handlers:
SIGSEGV: [libjvm.dylib+0x5a1f9b], sa_mask[0]=11111111111111111111111111111111, sa_flags=SA_ONSTACK|SA_RESTART|SA_SIGINFO
SIGBUS: [libjvm.dylib+0x5a1f9b], sa_mask[0]=11111111111111111111111111111111, sa_flags=SA_RESTART|SA_SIGINFO
SIGFPE: [libjvm.dylib+0x492701], sa_mask[0]=11111111111111111111111111111111, sa_flags=SA_RESTART|SA_SIGINFO
SIGPIPE: [libjvm.dylib+0x492701], sa_mask[0]=11111111111111111111111111111111, sa_flags=SA_RESTART|SA_SIGINFO
SIGXFSZ: [libjvm.dylib+0x492701], sa_mask[0]=11111111111111111111111111111111, sa_flags=SA_RESTART|SA_SIGINFO
SIGILL: [libjvm.dylib+0x492701], sa_mask[0]=11111111111111111111111111111111, sa_flags=SA_RESTART|SA_SIGINFO
SIGUSR1: SIG_DFL, sa_mask[0]=00000000000000000000000000000000, sa_flags=none
SIGUSR2: [libjvm.dylib+0x492ffa], sa_mask[0]=00100000000000000000000000000000, sa_flags=SA_RESTART|SA_SIGINFO
SIGHUP: [libjvm.dylib+0x491209], sa_mask[0]=11111111111111111111111111111111, sa_flags=SA_RESTART|SA_SIGINFO
SIGINT: [libjvm.dylib+0x491209], sa_mask[0]=11111111111111111111111111111111, sa_flags=SA_RESTART|SA_SIGINFO
SIGTERM: [libjvm.dylib+0x491209], sa_mask[0]=11111111111111111111111111111111, sa_flags=SA_RESTART|SA_SIGINFO
SIGQUIT: [libjvm.dylib+0x491209], sa_mask[0]=11111111111111111111111111111111, sa_flags=SA_RESTART|SA_SIGINFO


---------------  S Y S T E M  ---------------

OS:Bsduname:Darwin 20.3.0 Darwin Kernel Version 20.3.0: Thu Jan 21 00:06:51 PST 2021; root:xnu-7195.81.3~1/RELEASE_ARM64_T8101 x86_64
rlimit: STACK 8176k, CORE 0k, NPROC 2666, NOFILE 10240, AS infinity
load average:2.85 2.52 2.31

CPU:total 8 (initial active 8) (1 cores per cpu, 1 threads per core) family 6 model 44 stepping 0, cmov, cx8, fxsr, mmx, sse, sse2, sse3, ssse3, sse4.1, sse4.2, popcnt, aes, clmul, tsc, tscinvbit, tscinv

Memory: 4k page, physical 16777216k(93424k free)

/proc/meminfo:


vm_info: Java HotSpot(TM) 64-Bit Server VM (25.281-b09) for bsd-amd64 JRE (1.8.0_281-b09), built on Dec  9 2020 12:44:49 by "java_re" with gcc 4.2.1 Compatible Apple LLVM 10.0.0 (clang-1000.11.45.5)

time: Tue Nov 16 21:33:26 2021
timezone: CST
elapsed time: 0.364338 seconds (0d 0h 0m 0s)

